[debug] [2020-09-11T11:35:15.948Z] ----------------------------------------------------------------------
[debug] [2020-09-11T11:35:15.952Z] Command:       /Users/ankushgoel/.npm-global/bin/node /Users/ankushgoel/.npm-global/bin/firebase emulators:start
[debug] [2020-09-11T11:35:15.952Z] CLI Version:   8.10.0
[debug] [2020-09-11T11:35:15.953Z] Platform:      darwin
[debug] [2020-09-11T11:35:15.953Z] Node Version:  v11.8.0
[debug] [2020-09-11T11:35:15.954Z] Time:          Fri Sep 11 2020 17:05:15 GMT+0530 (India Standard Time)
[debug] [2020-09-11T11:35:15.954Z] ----------------------------------------------------------------------
[debug] [2020-09-11T11:35:15.954Z] 
[debug] [2020-09-11T11:35:15.969Z] > command requires scopes: ["email","openid","https://www.googleapis.com/auth/cloudplatformprojects.readonly","https://www.googleapis.com/auth/firebase","https://www.googleapis.com/auth/cloud-platform"]
[debug] [2020-09-11T11:35:15.970Z] > authorizing via signed-in user
[info] i  emulators: Starting emulators: functions, hosting {"metadata":{"emulator":{"name":"hub"},"message":"Starting emulators: functions, hosting"}}
[debug] [2020-09-11T11:35:16.001Z] [hub] writing locator at /var/folders/kq/1h54l28j32xf_svnkwhss_540000gn/T/hub-amz-clone-c6c8b.json
[warn] ⚠  functions: The following emulators are not running, calls to these services from the Functions emulator will affect production: firestore, database, pubsub {"metadata":{"emulator":{"name":"functions"},"message":"The following emulators are not running, calls to these services from the Functions emulator will affect production: \u001b[1mfirestore, database, pubsub\u001b[22m"}}
[warn] ⚠  Your requested "node" version "10" doesn't match your global version "11" {"metadata":{"emulator":{"name":"functions"},"message":"Your requested \"node\" version \"10\" doesn't match your global version \"11\""}}
[debug] [2020-09-11T11:35:16.028Z] defaultcredentials: writing to file /Users/ankushgoel/.config/firebase/goelankush1312_gmail_com_application_default_credentials.json
[debug] [2020-09-11T11:35:16.031Z] Setting GAC to /Users/ankushgoel/.config/firebase/goelankush1312_gmail_com_application_default_credentials.json {"metadata":{"emulator":{"name":"functions"},"message":"Setting GAC to /Users/ankushgoel/.config/firebase/goelankush1312_gmail_com_application_default_credentials.json"}}
[debug] [2020-09-11T11:35:16.052Z] > refreshing access token with scopes: ["email","https://www.googleapis.com/auth/cloud-platform","https://www.googleapis.com/auth/cloudplatformprojects.readonly","https://www.googleapis.com/auth/firebase","openid"]
[debug] [2020-09-11T11:35:16.052Z] >>> HTTP REQUEST POST https://www.googleapis.com/oauth2/v3/token  
 <request body omitted>
[debug] [2020-09-11T11:35:16.428Z] <<< HTTP RESPONSE 200 {"content-type":"application/json; charset=utf-8","vary":"X-Origin, Referer, Origin,Accept-Encoding","date":"Fri, 11 Sep 2020 11:35:16 GMT","server":"scaffolding on HTTPServer2","cache-control":"private","x-xss-protection":"0","x-frame-options":"SAMEORIGIN","x-content-type-options":"nosniff","alt-svc":"h3-29=\":443\"; ma=2592000,h3-27=\":443\"; ma=2592000,h3-T051=\":443\"; ma=2592000,h3-T050=\":443\"; ma=2592000,h3-Q050=\":443\"; ma=2592000,h3-Q046=\":443\"; ma=2592000,h3-Q043=\":443\"; ma=2592000,quic=\":443\"; ma=2592000; v=\"46,43\"","accept-ranges":"none","transfer-encoding":"chunked"}
[debug] [2020-09-11T11:35:16.441Z] >>> HTTP REQUEST GET https://firebase.googleapis.com/v1beta1/projects/amz-clone-c6c8b/webApps/-/config  
 
[debug] [2020-09-11T11:35:18.016Z] <<< HTTP RESPONSE 200 {"content-type":"application/json; charset=UTF-8","vary":"X-Origin, Referer, Origin,Accept-Encoding","date":"Fri, 11 Sep 2020 11:35:17 GMT","server":"ESF","cache-control":"private","x-xss-protection":"0","x-frame-options":"SAMEORIGIN","x-content-type-options":"nosniff","alt-svc":"h3-29=\":443\"; ma=2592000,h3-27=\":443\"; ma=2592000,h3-T051=\":443\"; ma=2592000,h3-T050=\":443\"; ma=2592000,h3-Q050=\":443\"; ma=2592000,h3-Q046=\":443\"; ma=2592000,h3-Q043=\":443\"; ma=2592000,quic=\":443\"; ma=2592000; v=\"46,43\"","accept-ranges":"none","transfer-encoding":"chunked"}
[info] i  hosting: Serving hosting files from: build {"metadata":{"emulator":{"name":"hosting"},"message":"Serving hosting files from: \u001b[1mbuild\u001b[22m"}}
[info] ✔  hosting: Local server: http://localhost:5000 {"metadata":{"emulator":{"name":"hosting"},"message":"Local server: \u001b[4m\u001b[1mhttp://localhost:5000\u001b[22m\u001b[24m"}}
[debug] [2020-09-11T11:35:18.052Z] Ignoring unsupported arg: auto_download {"metadata":{"emulator":{"name":"ui"},"message":"Ignoring unsupported arg: auto_download"}}
[debug] [2020-09-11T11:35:18.053Z] Ignoring unsupported arg: port {"metadata":{"emulator":{"name":"ui"},"message":"Ignoring unsupported arg: port"}}
[debug] [2020-09-11T11:35:18.053Z] Starting Emulator UI with command {"binary":"node","args":["/Users/ankushgoel/.cache/firebase/emulators/ui-v1.1.1/server.bundle.js"],"optionalArgs":[],"joinArgs":false} {"metadata":{"emulator":{"name":"ui"},"message":"Starting Emulator UI with command {\"binary\":\"node\",\"args\":[\"/Users/ankushgoel/.cache/firebase/emulators/ui-v1.1.1/server.bundle.js\"],\"optionalArgs\":[],\"joinArgs\":false}"}}
[info] i  ui: Emulator UI logging to ui-debug.log {"metadata":{"emulator":{"name":"ui"},"message":"Emulator UI logging to \u001b[1mui-debug.log\u001b[22m"}}
[debug] [2020-09-11T11:35:18.281Z] Web / API server started at http://localhost:4000
 {"metadata":{"emulator":{"name":"ui"},"message":"Web / API server started at http://localhost:4000\n"}}
[info] i  functions: Watching "/Users/ankushgoel/Desktop/JS Crash Course/amz-clone/functions" for Cloud Functions... {"metadata":{"emulator":{"name":"functions"},"message":"Watching \"/Users/ankushgoel/Desktop/JS Crash Course/amz-clone/functions\" for Cloud Functions..."}}
[debug] [2020-09-11T11:35:18.346Z] [worker-pool] addWorker(~diagnostic~) {"metadata":{"emulator":{"name":"functions"},"message":"[worker-pool] addWorker(~diagnostic~)"}}
[debug] [2020-09-11T11:35:18.346Z] [worker-pool] Adding worker with key ~diagnostic~, total=1 {"metadata":{"emulator":{"name":"functions"},"message":"[worker-pool] Adding worker with key ~diagnostic~, total=1"}}
[debug] [2020-09-11T11:35:18.347Z] [worker-pool] submitWork(triggerId=) {"metadata":{"emulator":{"name":"functions"},"message":"[worker-pool] submitWork(triggerId=)"}}
[debug] [2020-09-11T11:35:18.348Z] [worker-~diagnostic~-ca8683c8-928e-4bed-81e2-ee41b5b3143b]: Assigning socketPath: /var/folders/kq/1h54l28j32xf_svnkwhss_540000gn/T/fire_emu_49773.sock {"metadata":{"emulator":{"name":"functions"},"message":"[worker-~diagnostic~-ca8683c8-928e-4bed-81e2-ee41b5b3143b]: Assigning socketPath: /var/folders/kq/1h54l28j32xf_svnkwhss_540000gn/T/fire_emu_49773.sock"}}
[debug] [2020-09-11T11:35:18.348Z] [worker-~diagnostic~-ca8683c8-928e-4bed-81e2-ee41b5b3143b]: BUSY {"metadata":{"emulator":{"name":"functions"},"message":"[worker-~diagnostic~-ca8683c8-928e-4bed-81e2-ee41b5b3143b]: BUSY"}}
[debug] [2020-09-11T11:35:18.787Z] [runtime-status] [49773] Functions runtime initialized. {"cwd":"/Users/ankushgoel/Desktop/JS Crash Course/amz-clone/functions","node_version":"11.8.0"} {"metadata":{"emulator":{"name":"functions"},"message":"[runtime-status] [49773] Functions runtime initialized. {\"cwd\":\"/Users/ankushgoel/Desktop/JS Crash Course/amz-clone/functions\",\"node_version\":\"11.8.0\"}"}}
[debug] [2020-09-11T11:35:18.789Z] [runtime-status] [49773] Disabled runtime features: undefined {"metadata":{"emulator":{"name":"functions"},"message":"[runtime-status] [49773] Disabled runtime features: undefined"}}
[debug] [2020-09-11T11:35:18.796Z] [runtime-status] [49773] Resolved module firebase-admin {"declared":true,"installed":true,"version":"8.13.0","resolution":"/Users/ankushgoel/Desktop/JS Crash Course/amz-clone/functions/node_modules/firebase-admin/lib/index.js"} {"metadata":{"emulator":{"name":"functions"},"message":"[runtime-status] [49773] Resolved module firebase-admin {\"declared\":true,\"installed\":true,\"version\":\"8.13.0\",\"resolution\":\"/Users/ankushgoel/Desktop/JS Crash Course/amz-clone/functions/node_modules/firebase-admin/lib/index.js\"}"}}
[debug] [2020-09-11T11:35:18.798Z] [runtime-status] [49773] Resolved module firebase-functions {"declared":true,"installed":true,"version":"3.11.0","resolution":"/Users/ankushgoel/Desktop/JS Crash Course/amz-clone/functions/node_modules/firebase-functions/lib/index.js"} {"metadata":{"emulator":{"name":"functions"},"message":"[runtime-status] [49773] Resolved module firebase-functions {\"declared\":true,\"installed\":true,\"version\":\"3.11.0\",\"resolution\":\"/Users/ankushgoel/Desktop/JS Crash Course/amz-clone/functions/node_modules/firebase-functions/lib/index.js\"}"}}
[debug] [2020-09-11T11:35:18.798Z] [runtime-status] [49773] Resolved module firebase-functions {"declared":true,"installed":true,"version":"3.11.0","resolution":"/Users/ankushgoel/Desktop/JS Crash Course/amz-clone/functions/node_modules/firebase-functions/lib/index.js"} {"metadata":{"emulator":{"name":"functions"},"message":"[runtime-status] [49773] Resolved module firebase-functions {\"declared\":true,\"installed\":true,\"version\":\"3.11.0\",\"resolution\":\"/Users/ankushgoel/Desktop/JS Crash Course/amz-clone/functions/node_modules/firebase-functions/lib/index.js\"}"}}
[debug] [2020-09-11T11:35:18.804Z] [runtime-status] [49773] Outgoing network have been stubbed. [{"name":"http","status":"mocked"},{"name":"http","status":"mocked"},{"name":"https","status":"mocked"},{"name":"https","status":"mocked"},{"name":"net","status":"mocked"}] {"metadata":{"emulator":{"name":"functions"},"message":"[runtime-status] [49773] Outgoing network have been stubbed. [{\"name\":\"http\",\"status\":\"mocked\"},{\"name\":\"http\",\"status\":\"mocked\"},{\"name\":\"https\",\"status\":\"mocked\"},{\"name\":\"https\",\"status\":\"mocked\"},{\"name\":\"net\",\"status\":\"mocked\"}]"}}
[debug] [2020-09-11T11:35:18.806Z] [runtime-status] [49773] Resolved module firebase-functions {"declared":true,"installed":true,"version":"3.11.0","resolution":"/Users/ankushgoel/Desktop/JS Crash Course/amz-clone/functions/node_modules/firebase-functions/lib/index.js"} {"metadata":{"emulator":{"name":"functions"},"message":"[runtime-status] [49773] Resolved module firebase-functions {\"declared\":true,\"installed\":true,\"version\":\"3.11.0\",\"resolution\":\"/Users/ankushgoel/Desktop/JS Crash Course/amz-clone/functions/node_modules/firebase-functions/lib/index.js\"}"}}
[debug] [2020-09-11T11:35:18.878Z] [runtime-status] [49773] Checked functions.config() {"config":{}} {"metadata":{"emulator":{"name":"functions"},"message":"[runtime-status] [49773] Checked functions.config() {\"config\":{}}"}}
[debug] [2020-09-11T11:35:18.878Z] [runtime-status] [49773] firebase-functions has been stubbed. {"functionsResolution":{"declared":true,"installed":true,"version":"3.11.0","resolution":"/Users/ankushgoel/Desktop/JS Crash Course/amz-clone/functions/node_modules/firebase-functions/lib/index.js"}} {"metadata":{"emulator":{"name":"functions"},"message":"[runtime-status] [49773] firebase-functions has been stubbed. {\"functionsResolution\":{\"declared\":true,\"installed\":true,\"version\":\"3.11.0\",\"resolution\":\"/Users/ankushgoel/Desktop/JS Crash Course/amz-clone/functions/node_modules/firebase-functions/lib/index.js\"}}"}}
[debug] [2020-09-11T11:35:18.879Z] [runtime-status] [49773] Resolved module firebase-functions {"declared":true,"installed":true,"version":"3.11.0","resolution":"/Users/ankushgoel/Desktop/JS Crash Course/amz-clone/functions/node_modules/firebase-functions/lib/index.js"} {"metadata":{"emulator":{"name":"functions"},"message":"[runtime-status] [49773] Resolved module firebase-functions {\"declared\":true,\"installed\":true,\"version\":\"3.11.0\",\"resolution\":\"/Users/ankushgoel/Desktop/JS Crash Course/amz-clone/functions/node_modules/firebase-functions/lib/index.js\"}"}}
[debug] [2020-09-11T11:35:18.880Z] [runtime-status] [49773] Resolved module firebase-admin {"declared":true,"installed":true,"version":"8.13.0","resolution":"/Users/ankushgoel/Desktop/JS Crash Course/amz-clone/functions/node_modules/firebase-admin/lib/index.js"} {"metadata":{"emulator":{"name":"functions"},"message":"[runtime-status] [49773] Resolved module firebase-admin {\"declared\":true,\"installed\":true,\"version\":\"8.13.0\",\"resolution\":\"/Users/ankushgoel/Desktop/JS Crash Course/amz-clone/functions/node_modules/firebase-admin/lib/index.js\"}"}}
[debug] [2020-09-11T11:35:18.880Z] [runtime-status] [49773] Resolved module firebase-functions {"declared":true,"installed":true,"version":"3.11.0","resolution":"/Users/ankushgoel/Desktop/JS Crash Course/amz-clone/functions/node_modules/firebase-functions/lib/index.js"} {"metadata":{"emulator":{"name":"functions"},"message":"[runtime-status] [49773] Resolved module firebase-functions {\"declared\":true,\"installed\":true,\"version\":\"3.11.0\",\"resolution\":\"/Users/ankushgoel/Desktop/JS Crash Course/amz-clone/functions/node_modules/firebase-functions/lib/index.js\"}"}}
[debug] [2020-09-11T11:35:18.880Z] [runtime-status] [49773] firebase-admin has been stubbed. {"adminResolution":{"declared":true,"installed":true,"version":"8.13.0","resolution":"/Users/ankushgoel/Desktop/JS Crash Course/amz-clone/functions/node_modules/firebase-admin/lib/index.js"}} {"metadata":{"emulator":{"name":"functions"},"message":"[runtime-status] [49773] firebase-admin has been stubbed. {\"adminResolution\":{\"declared\":true,\"installed\":true,\"version\":\"8.13.0\",\"resolution\":\"/Users/ankushgoel/Desktop/JS Crash Course/amz-clone/functions/node_modules/firebase-admin/lib/index.js\"}}"}}
[info] ✔  functions[api]: http function initialized (http://localhost:5001/amz-clone-c6c8b/us-central1/api). {"metadata":{"emulator":{"name":"functions"},"message":"\u001b[1mhttp\u001b[22m function initialized (http://localhost:5001/amz-clone-c6c8b/us-central1/api)."}}
[info] 
┌───────────────────────────────────────────────────────────────────────┐
│ ✔  All emulators ready! View status and logs at http://localhost:4000 │
└───────────────────────────────────────────────────────────────────────┘

┌───────────┬────────────────┬─────────────────────────────────┐
│ Emulator  │ Host:Port      │ View in Emulator UI             │
├───────────┼────────────────┼─────────────────────────────────┤
│ Functions │ localhost:5001 │ http://localhost:4000/functions │
├───────────┼────────────────┼─────────────────────────────────┤
│ Hosting   │ localhost:5000 │ n/a                             │
└───────────┴────────────────┴─────────────────────────────────┘
  Other reserved ports: 4400, 4500

Issues? Report them at https://github.com/firebase/firebase-tools/issues and attach the *-debug.log files.
 
[debug] [2020-09-11T11:35:19.090Z] [worker-~diagnostic~-ca8683c8-928e-4bed-81e2-ee41b5b3143b]: IDLE {"metadata":{"emulator":{"name":"functions"},"message":"[worker-~diagnostic~-ca8683c8-928e-4bed-81e2-ee41b5b3143b]: IDLE"}}
[debug] [2020-09-11T11:36:10.792Z] [work-queue] {"queueLength":1,"workRunningCount":0}
[debug] [2020-09-11T11:36:10.792Z] [work-queue] {"queueLength":0,"workRunningCount":1}
[debug] [2020-09-11T11:36:10.793Z] Accepted request POST /amz-clone-c6c8b/us-central1/api/payments/create?total=13065 --> api
[debug] [2020-09-11T11:36:10.808Z] [worker-pool] addWorker(api) {"metadata":{"emulator":{"name":"functions"},"message":"[worker-pool] addWorker(api)"}}
[debug] [2020-09-11T11:36:10.808Z] [worker-pool] Adding worker with key api, total=1 {"metadata":{"emulator":{"name":"functions"},"message":"[worker-pool] Adding worker with key api, total=1"}}
[debug] [2020-09-11T11:36:10.808Z] [worker-pool] submitWork(triggerId=api) {"metadata":{"emulator":{"name":"functions"},"message":"[worker-pool] submitWork(triggerId=api)"}}
[debug] [2020-09-11T11:36:10.809Z] [worker-api-8b952d89-5b86-4033-81de-b1289280d3b0]: Assigning socketPath: /var/folders/kq/1h54l28j32xf_svnkwhss_540000gn/T/fire_emu_49787.sock {"metadata":{"emulator":{"name":"functions"},"message":"[worker-api-8b952d89-5b86-4033-81de-b1289280d3b0]: Assigning socketPath: /var/folders/kq/1h54l28j32xf_svnkwhss_540000gn/T/fire_emu_49787.sock"}}
[debug] [2020-09-11T11:36:10.809Z] [worker-api-8b952d89-5b86-4033-81de-b1289280d3b0]: BUSY {"metadata":{"emulator":{"name":"functions"},"message":"[worker-api-8b952d89-5b86-4033-81de-b1289280d3b0]: BUSY"}}
[debug] [2020-09-11T11:36:11.593Z] [runtime-status] [49787] Functions runtime initialized. {"cwd":"/Users/ankushgoel/Desktop/JS Crash Course/amz-clone/functions","node_version":"11.8.0"} {"metadata":{"emulator":{"name":"functions"},"function":{"name":"api"},"message":"[runtime-status] [49787] Functions runtime initialized. {\"cwd\":\"/Users/ankushgoel/Desktop/JS Crash Course/amz-clone/functions\",\"node_version\":\"11.8.0\"}"}}
[debug] [2020-09-11T11:36:11.598Z] [runtime-status] [49787] Disabled runtime features: undefined {"metadata":{"emulator":{"name":"functions"},"function":{"name":"api"},"message":"[runtime-status] [49787] Disabled runtime features: undefined"}}
[debug] [2020-09-11T11:36:11.602Z] [runtime-status] [49787] Resolved module firebase-admin {"declared":true,"installed":true,"version":"8.13.0","resolution":"/Users/ankushgoel/Desktop/JS Crash Course/amz-clone/functions/node_modules/firebase-admin/lib/index.js"} {"metadata":{"emulator":{"name":"functions"},"function":{"name":"api"},"message":"[runtime-status] [49787] Resolved module firebase-admin {\"declared\":true,\"installed\":true,\"version\":\"8.13.0\",\"resolution\":\"/Users/ankushgoel/Desktop/JS Crash Course/amz-clone/functions/node_modules/firebase-admin/lib/index.js\"}"}}
[debug] [2020-09-11T11:36:11.603Z] [runtime-status] [49787] Resolved module firebase-functions {"declared":true,"installed":true,"version":"3.11.0","resolution":"/Users/ankushgoel/Desktop/JS Crash Course/amz-clone/functions/node_modules/firebase-functions/lib/index.js"} {"metadata":{"emulator":{"name":"functions"},"function":{"name":"api"},"message":"[runtime-status] [49787] Resolved module firebase-functions {\"declared\":true,\"installed\":true,\"version\":\"3.11.0\",\"resolution\":\"/Users/ankushgoel/Desktop/JS Crash Course/amz-clone/functions/node_modules/firebase-functions/lib/index.js\"}"}}
[debug] [2020-09-11T11:36:11.604Z] [runtime-status] [49787] Resolved module firebase-functions {"declared":true,"installed":true,"version":"3.11.0","resolution":"/Users/ankushgoel/Desktop/JS Crash Course/amz-clone/functions/node_modules/firebase-functions/lib/index.js"} {"metadata":{"emulator":{"name":"functions"},"function":{"name":"api"},"message":"[runtime-status] [49787] Resolved module firebase-functions {\"declared\":true,\"installed\":true,\"version\":\"3.11.0\",\"resolution\":\"/Users/ankushgoel/Desktop/JS Crash Course/amz-clone/functions/node_modules/firebase-functions/lib/index.js\"}"}}
[debug] [2020-09-11T11:36:11.609Z] [runtime-status] [49787] Outgoing network have been stubbed. [{"name":"http","status":"mocked"},{"name":"http","status":"mocked"},{"name":"https","status":"mocked"},{"name":"https","status":"mocked"},{"name":"net","status":"mocked"}] {"metadata":{"emulator":{"name":"functions"},"function":{"name":"api"},"message":"[runtime-status] [49787] Outgoing network have been stubbed. [{\"name\":\"http\",\"status\":\"mocked\"},{\"name\":\"http\",\"status\":\"mocked\"},{\"name\":\"https\",\"status\":\"mocked\"},{\"name\":\"https\",\"status\":\"mocked\"},{\"name\":\"net\",\"status\":\"mocked\"}]"}}
[debug] [2020-09-11T11:36:11.610Z] [runtime-status] [49787] Resolved module firebase-functions {"declared":true,"installed":true,"version":"3.11.0","resolution":"/Users/ankushgoel/Desktop/JS Crash Course/amz-clone/functions/node_modules/firebase-functions/lib/index.js"} {"metadata":{"emulator":{"name":"functions"},"function":{"name":"api"},"message":"[runtime-status] [49787] Resolved module firebase-functions {\"declared\":true,\"installed\":true,\"version\":\"3.11.0\",\"resolution\":\"/Users/ankushgoel/Desktop/JS Crash Course/amz-clone/functions/node_modules/firebase-functions/lib/index.js\"}"}}
[debug] [2020-09-11T11:36:11.675Z] [runtime-status] [49787] Checked functions.config() {"config":{}} {"metadata":{"emulator":{"name":"functions"},"function":{"name":"api"},"message":"[runtime-status] [49787] Checked functions.config() {\"config\":{}}"}}
[debug] [2020-09-11T11:36:11.676Z] [runtime-status] [49787] firebase-functions has been stubbed. {"functionsResolution":{"declared":true,"installed":true,"version":"3.11.0","resolution":"/Users/ankushgoel/Desktop/JS Crash Course/amz-clone/functions/node_modules/firebase-functions/lib/index.js"}} {"metadata":{"emulator":{"name":"functions"},"function":{"name":"api"},"message":"[runtime-status] [49787] firebase-functions has been stubbed. {\"functionsResolution\":{\"declared\":true,\"installed\":true,\"version\":\"3.11.0\",\"resolution\":\"/Users/ankushgoel/Desktop/JS Crash Course/amz-clone/functions/node_modules/firebase-functions/lib/index.js\"}}"}}
[debug] [2020-09-11T11:36:11.677Z] [runtime-status] [49787] Resolved module firebase-functions {"declared":true,"installed":true,"version":"3.11.0","resolution":"/Users/ankushgoel/Desktop/JS Crash Course/amz-clone/functions/node_modules/firebase-functions/lib/index.js"} {"metadata":{"emulator":{"name":"functions"},"function":{"name":"api"},"message":"[runtime-status] [49787] Resolved module firebase-functions {\"declared\":true,\"installed\":true,\"version\":\"3.11.0\",\"resolution\":\"/Users/ankushgoel/Desktop/JS Crash Course/amz-clone/functions/node_modules/firebase-functions/lib/index.js\"}"}}
[debug] [2020-09-11T11:36:11.678Z] [runtime-status] [49787] Resolved module firebase-admin {"declared":true,"installed":true,"version":"8.13.0","resolution":"/Users/ankushgoel/Desktop/JS Crash Course/amz-clone/functions/node_modules/firebase-admin/lib/index.js"} {"metadata":{"emulator":{"name":"functions"},"function":{"name":"api"},"message":"[runtime-status] [49787] Resolved module firebase-admin {\"declared\":true,\"installed\":true,\"version\":\"8.13.0\",\"resolution\":\"/Users/ankushgoel/Desktop/JS Crash Course/amz-clone/functions/node_modules/firebase-admin/lib/index.js\"}"}}
[debug] [2020-09-11T11:36:11.679Z] [runtime-status] [49787] Resolved module firebase-functions {"declared":true,"installed":true,"version":"3.11.0","resolution":"/Users/ankushgoel/Desktop/JS Crash Course/amz-clone/functions/node_modules/firebase-functions/lib/index.js"} {"metadata":{"emulator":{"name":"functions"},"function":{"name":"api"},"message":"[runtime-status] [49787] Resolved module firebase-functions {\"declared\":true,\"installed\":true,\"version\":\"3.11.0\",\"resolution\":\"/Users/ankushgoel/Desktop/JS Crash Course/amz-clone/functions/node_modules/firebase-functions/lib/index.js\"}"}}
[debug] [2020-09-11T11:36:11.679Z] [runtime-status] [49787] firebase-admin has been stubbed. {"adminResolution":{"declared":true,"installed":true,"version":"8.13.0","resolution":"/Users/ankushgoel/Desktop/JS Crash Course/amz-clone/functions/node_modules/firebase-admin/lib/index.js"}} {"metadata":{"emulator":{"name":"functions"},"function":{"name":"api"},"message":"[runtime-status] [49787] firebase-admin has been stubbed. {\"adminResolution\":{\"declared\":true,\"installed\":true,\"version\":\"8.13.0\",\"resolution\":\"/Users/ankushgoel/Desktop/JS Crash Course/amz-clone/functions/node_modules/firebase-admin/lib/index.js\"}}"}}
[debug] [2020-09-11T11:36:11.856Z] [runtime-status] [49787] Trigger "api" has been found, beginning invocation! {"metadata":{"emulator":{"name":"functions"},"function":{"name":"api"},"message":"[runtime-status] [49787] Trigger \"api\" has been found, beginning invocation!"}}
[info] i  functions: Beginning execution of "api" {"metadata":{"emulator":{"name":"functions"},"function":{"name":"api"},"message":"Beginning execution of \"api\""}}
[debug] [2020-09-11T11:36:11.857Z] [runtime-status] [49787] triggerDefinition {"httpsTrigger":{},"name":"api","entryPoint":"api"} {"metadata":{"emulator":{"name":"functions"},"function":{"name":"api"},"message":"[runtime-status] [49787] triggerDefinition {\"httpsTrigger\":{},\"name\":\"api\",\"entryPoint\":\"api\"}"}}
[debug] [2020-09-11T11:36:11.857Z] [runtime-status] [49787] Running api in mode HTTPS {"metadata":{"emulator":{"name":"functions"},"function":{"name":"api"},"message":"[runtime-status] [49787] Running api in mode HTTPS"}}
[debug] [2020-09-11T11:36:11.864Z] [runtime-status] [49787] Attempting to listen to socketPath: /var/folders/kq/1h54l28j32xf_svnkwhss_540000gn/T/fire_emu_49787.sock {"metadata":{"emulator":{"name":"functions"},"function":{"name":"api"},"message":"[runtime-status] [49787] Attempting to listen to socketPath: /var/folders/kq/1h54l28j32xf_svnkwhss_540000gn/T/fire_emu_49787.sock"}}
[debug] [2020-09-11T11:36:11.873Z] [functions] Runtime ready! Sending request! {"metadata":{"emulator":{"name":"functions"},"message":"[functions] Runtime ready! Sending request!"}}
[debug] [2020-09-11T11:36:11.891Z] [runtime-status] [49787] Ephemeral server handling POST request {"metadata":{"emulator":{"name":"functions"},"function":{"name":"api"},"message":"[runtime-status] [49787] Ephemeral server handling POST request"}}
[info] >  Payment request recieved for this amount >>>>  13065 {"user":"Payment request recieved for this amount >>>>  13065","metadata":{"emulator":{"name":"functions"},"function":{"name":"api"},"message":"\u001b[90m> \u001b[39m Payment request recieved for this amount >>>>  13065"}}
[debug] [2020-09-11T11:36:11.920Z] [runtime-status] [49787] Ephemeral server survived. {"metadata":{"emulator":{"name":"functions"},"function":{"name":"api"},"message":"[runtime-status] [49787] Ephemeral server survived."}}
[info] i  functions: Finished "api" in ~1s {"metadata":{"emulator":{"name":"functions"},"function":{"name":"api"},"message":"Finished \"api\" in ~1s"}}
[debug] [2020-09-11T11:36:12.915Z] [worker-api-8b952d89-5b86-4033-81de-b1289280d3b0]: IDLE {"metadata":{"emulator":{"name":"functions"},"message":"[worker-api-8b952d89-5b86-4033-81de-b1289280d3b0]: IDLE"}}
[debug] [2020-09-11T11:36:12.916Z] [work-queue] {"queueLength":0,"workRunningCount":0}
[debug] [2020-09-11T11:36:40.845Z] [work-queue] {"queueLength":1,"workRunningCount":0}
[debug] [2020-09-11T11:36:40.845Z] [work-queue] {"queueLength":0,"workRunningCount":1}
[debug] [2020-09-11T11:36:40.845Z] Accepted request POST /amz-clone-c6c8b/us-central1/api/payments/create?total=0 --> api
[debug] [2020-09-11T11:36:40.846Z] [worker-pool] submitWork(triggerId=api) {"metadata":{"emulator":{"name":"functions"},"message":"[worker-pool] submitWork(triggerId=api)"}}
[debug] [2020-09-11T11:36:40.846Z] [worker-api-8b952d89-5b86-4033-81de-b1289280d3b0]: Assigning socketPath: /var/folders/kq/1h54l28j32xf_svnkwhss_540000gn/T/fire_emu_49787.sock {"metadata":{"emulator":{"name":"functions"},"message":"[worker-api-8b952d89-5b86-4033-81de-b1289280d3b0]: Assigning socketPath: /var/folders/kq/1h54l28j32xf_svnkwhss_540000gn/T/fire_emu_49787.sock"}}
[debug] [2020-09-11T11:36:40.846Z] [worker-api-8b952d89-5b86-4033-81de-b1289280d3b0]: BUSY {"metadata":{"emulator":{"name":"functions"},"message":"[worker-api-8b952d89-5b86-4033-81de-b1289280d3b0]: BUSY"}}
[debug] [2020-09-11T11:36:40.852Z] [runtime-status] [49787] Trigger "api" has been found, beginning invocation! {"metadata":{"emulator":{"name":"functions"},"function":{"name":"api"},"message":"[runtime-status] [49787] Trigger \"api\" has been found, beginning invocation!"}}
[info] i  functions: Beginning execution of "api" {"metadata":{"emulator":{"name":"functions"},"function":{"name":"api"},"message":"Beginning execution of \"api\""}}
[debug] [2020-09-11T11:36:40.853Z] [runtime-status] [49787] triggerDefinition {"httpsTrigger":{},"name":"api","entryPoint":"api"} {"metadata":{"emulator":{"name":"functions"},"function":{"name":"api"},"message":"[runtime-status] [49787] triggerDefinition {\"httpsTrigger\":{},\"name\":\"api\",\"entryPoint\":\"api\"}"}}
[debug] [2020-09-11T11:36:40.854Z] [runtime-status] [49787] Running api in mode HTTPS {"metadata":{"emulator":{"name":"functions"},"function":{"name":"api"},"message":"[runtime-status] [49787] Running api in mode HTTPS"}}
[debug] [2020-09-11T11:36:40.854Z] [runtime-status] [49787] Attempting to listen to socketPath: /var/folders/kq/1h54l28j32xf_svnkwhss_540000gn/T/fire_emu_49787.sock {"metadata":{"emulator":{"name":"functions"},"function":{"name":"api"},"message":"[runtime-status] [49787] Attempting to listen to socketPath: /var/folders/kq/1h54l28j32xf_svnkwhss_540000gn/T/fire_emu_49787.sock"}}
[debug] [2020-09-11T11:36:40.855Z] [functions] Runtime ready! Sending request! {"metadata":{"emulator":{"name":"functions"},"message":"[functions] Runtime ready! Sending request!"}}
[debug] [2020-09-11T11:36:40.864Z] [runtime-status] [49787] Ephemeral server handling POST request {"metadata":{"emulator":{"name":"functions"},"function":{"name":"api"},"message":"[runtime-status] [49787] Ephemeral server handling POST request"}}
[info] >  Payment request recieved for this amount >>>>  0 {"user":"Payment request recieved for this amount >>>>  0","metadata":{"emulator":{"name":"functions"},"function":{"name":"api"},"message":"\u001b[90m> \u001b[39m Payment request recieved for this amount >>>>  0"}}
[debug] [2020-09-11T11:36:40.870Z] [runtime-status] [49787] Ephemeral server survived. {"metadata":{"emulator":{"name":"functions"},"function":{"name":"api"},"message":"[runtime-status] [49787] Ephemeral server survived."}}
[info] >  (node:49787) UnhandledPromiseRejectionWarning: Error: This value must be greater than or equal to 1. {"user":"(node:49787) UnhandledPromiseRejectionWarning: Error: This value must be greater than or equal to 1.","metadata":{"emulator":{"name":"functions"},"function":{"name":"api"},"message":"\u001b[90m> \u001b[39m (node:49787) UnhandledPromiseRejectionWarning: Error: This value must be greater than or equal to 1."}}
[info] >      at Function.generate (/Users/ankushgoel/Desktop/JS Crash Course/amz-clone/functions/node_modules/stripe/lib/Error.js:39:16) {"user":"    at Function.generate (/Users/ankushgoel/Desktop/JS Crash Course/amz-clone/functions/node_modules/stripe/lib/Error.js:39:16)","metadata":{"emulator":{"name":"functions"},"function":{"name":"api"},"message":"\u001b[90m> \u001b[39m     at Function.generate (/Users/ankushgoel/Desktop/JS Crash Course/amz-clone/functions/node_modules/stripe/lib/Error.js:39:16)"}}
[info] >      at IncomingMessage.res.once (/Users/ankushgoel/Desktop/JS Crash Course/amz-clone/functions/node_modules/stripe/lib/StripeResource.js:190:33) {"user":"    at IncomingMessage.res.once (/Users/ankushgoel/Desktop/JS Crash Course/amz-clone/functions/node_modules/stripe/lib/StripeResource.js:190:33)","metadata":{"emulator":{"name":"functions"},"function":{"name":"api"},"message":"\u001b[90m> \u001b[39m     at IncomingMessage.res.once (/Users/ankushgoel/Desktop/JS Crash Course/amz-clone/functions/node_modules/stripe/lib/StripeResource.js:190:33)"}}
[info] >      at Object.onceWrapper (events.js:285:13) {"user":"    at Object.onceWrapper (events.js:285:13)","metadata":{"emulator":{"name":"functions"},"function":{"name":"api"},"message":"\u001b[90m> \u001b[39m     at Object.onceWrapper (events.js:285:13)"}}
[info] >      at IncomingMessage.emit (events.js:202:15) {"user":"    at IncomingMessage.emit (events.js:202:15)","metadata":{"emulator":{"name":"functions"},"function":{"name":"api"},"message":"\u001b[90m> \u001b[39m     at IncomingMessage.emit (events.js:202:15)"}}
[info] >      at endReadableNT (_stream_readable.js:1129:12) {"user":"    at endReadableNT (_stream_readable.js:1129:12)","metadata":{"emulator":{"name":"functions"},"function":{"name":"api"},"message":"\u001b[90m> \u001b[39m     at endReadableNT (_stream_readable.js:1129:12)"}}
[info] >      at processTicksAndRejections (internal/process/next_tick.js:76:17) {"user":"    at processTicksAndRejections (internal/process/next_tick.js:76:17)","metadata":{"emulator":{"name":"functions"},"function":{"name":"api"},"message":"\u001b[90m> \u001b[39m     at processTicksAndRejections (internal/process/next_tick.js:76:17)"}}
[info] >  (node:49787) UnhandledPromiseRejectionWarning: Unhandled promise rejection. This error originated either by throwing inside of an async function without a catch block, or by rejecting a promise which was not handled with .catch(). (rejection id: 1) {"user":"(node:49787) UnhandledPromiseRejectionWarning: Unhandled promise rejection. This error originated either by throwing inside of an async function without a catch block, or by rejecting a promise which was not handled with .catch(). (rejection id: 1)","metadata":{"emulator":{"name":"functions"},"function":{"name":"api"},"message":"\u001b[90m> \u001b[39m (node:49787) UnhandledPromiseRejectionWarning: Unhandled promise rejection. This error originated either by throwing inside of an async function without a catch block, or by rejecting a promise which was not handled with .catch(). (rejection id: 1)"}}
[info] >  (node:49787) [DEP0018] DeprecationWarning: Unhandled promise rejections are deprecated. In the future, promise rejections that are not handled will terminate the Node.js process with a non-zero exit code. {"user":"(node:49787) [DEP0018] DeprecationWarning: Unhandled promise rejections are deprecated. In the future, promise rejections that are not handled will terminate the Node.js process with a non-zero exit code.","metadata":{"emulator":{"name":"functions"},"function":{"name":"api"},"message":"\u001b[90m> \u001b[39m (node:49787) [DEP0018] DeprecationWarning: Unhandled promise rejections are deprecated. In the future, promise rejections that are not handled will terminate the Node.js process with a non-zero exit code."}}
[warn] ⚠  functions: Your function timed out after ~60s. To configure this timeout, see
      https://firebase.google.com/docs/functions/manage-functions#set_timeout_and_memory_allocation. {"metadata":{"emulator":{"name":"functions"},"function":{"name":"api"},"message":"Your function timed out after ~60s. To configure this timeout, see\n      https://firebase.google.com/docs/functions/manage-functions#set_timeout_and_memory_allocation."}}
[info] >  /Users/ankushgoel/.npm-global/lib/node_modules/firebase-tools/lib/emulator/functionsEmulatorRuntime.js:642 {"user":"/Users/ankushgoel/.npm-global/lib/node_modules/firebase-tools/lib/emulator/functionsEmulatorRuntime.js:642","metadata":{"emulator":{"name":"functions"},"function":{"name":"api"},"message":"\u001b[90m> \u001b[39m /Users/ankushgoel/.npm-global/lib/node_modules/firebase-tools/lib/emulator/functionsEmulatorRuntime.js:642"}}
[info] >                  throw new Error("Function timed out."); {"user":"                throw new Error(\"Function timed out.\");","metadata":{"emulator":{"name":"functions"},"function":{"name":"api"},"message":"\u001b[90m> \u001b[39m                 throw new Error(\"Function timed out.\");"}}
[info] >                  ^ {"user":"                ^","metadata":{"emulator":{"name":"functions"},"function":{"name":"api"},"message":"\u001b[90m> \u001b[39m                 ^"}}
[info] >   {"user":"","metadata":{"emulator":{"name":"functions"},"function":{"name":"api"},"message":"\u001b[90m> \u001b[39m "}}
[info] >  Error: Function timed out. {"user":"Error: Function timed out.","metadata":{"emulator":{"name":"functions"},"function":{"name":"api"},"message":"\u001b[90m> \u001b[39m Error: Function timed out."}}
[info] >      at Timeout.setTimeout [as _onTimeout] (/Users/ankushgoel/.npm-global/lib/node_modules/firebase-tools/lib/emulator/functionsEmulatorRuntime.js:642:23) {"user":"    at Timeout.setTimeout [as _onTimeout] (/Users/ankushgoel/.npm-global/lib/node_modules/firebase-tools/lib/emulator/functionsEmulatorRuntime.js:642:23)","metadata":{"emulator":{"name":"functions"},"function":{"name":"api"},"message":"\u001b[90m> \u001b[39m     at Timeout.setTimeout [as _onTimeout] (/Users/ankushgoel/.npm-global/lib/node_modules/firebase-tools/lib/emulator/functionsEmulatorRuntime.js:642:23)"}}
[info] >      at listOnTimeout (timers.js:324:15) {"user":"    at listOnTimeout (timers.js:324:15)","metadata":{"emulator":{"name":"functions"},"function":{"name":"api"},"message":"\u001b[90m> \u001b[39m     at listOnTimeout (timers.js:324:15)"}}
[info] >      at processTimers (timers.js:268:5) {"user":"    at processTimers (timers.js:268:5)","metadata":{"emulator":{"name":"functions"},"function":{"name":"api"},"message":"\u001b[90m> \u001b[39m     at processTimers (timers.js:268:5)"}}
[debug] [2020-09-11T11:37:40.864Z] [worker-api-8b952d89-5b86-4033-81de-b1289280d3b0]: exited {"metadata":{"emulator":{"name":"functions"},"message":"[worker-api-8b952d89-5b86-4033-81de-b1289280d3b0]: exited"}}
[debug] [2020-09-11T11:37:40.865Z] [worker-api-8b952d89-5b86-4033-81de-b1289280d3b0]: FINISHED {"metadata":{"emulator":{"name":"functions"},"message":"[worker-api-8b952d89-5b86-4033-81de-b1289280d3b0]: FINISHED"}}
[debug] [2020-09-11T11:37:40.865Z] [work-queue] {"queueLength":0,"workRunningCount":0}
[debug] [2020-09-11T12:35:28.521Z] File /Users/ankushgoel/Desktop/JS Crash Course/amz-clone/functions/index-demo.js changed, reloading triggers {"metadata":{"emulator":{"name":"functions"},"message":"File /Users/ankushgoel/Desktop/JS Crash Course/amz-clone/functions/index-demo.js changed, reloading triggers"}}
[debug] [2020-09-11T12:35:29.527Z] [worker-pool] Shutting down IDLE worker (~diagnostic~) {"metadata":{"emulator":{"name":"functions"},"message":"[worker-pool] Shutting down IDLE worker (~diagnostic~)"}}
[debug] [2020-09-11T12:35:29.528Z] [worker-~diagnostic~-ca8683c8-928e-4bed-81e2-ee41b5b3143b]: FINISHING {"metadata":{"emulator":{"name":"functions"},"message":"[worker-~diagnostic~-ca8683c8-928e-4bed-81e2-ee41b5b3143b]: FINISHING"}}
[debug] [2020-09-11T12:35:29.528Z] [worker-pool] Cleaned up workers for api: 1 --> 0 {"metadata":{"emulator":{"name":"functions"},"message":"[worker-pool] Cleaned up workers for api: 1 --> 0"}}
[debug] [2020-09-11T12:35:29.534Z] [worker-pool] addWorker(~diagnostic~) {"metadata":{"emulator":{"name":"functions"},"message":"[worker-pool] addWorker(~diagnostic~)"}}
[debug] [2020-09-11T12:35:29.534Z] [worker-pool] Adding worker with key ~diagnostic~, total=2 {"metadata":{"emulator":{"name":"functions"},"message":"[worker-pool] Adding worker with key ~diagnostic~, total=2"}}
[debug] [2020-09-11T12:35:29.534Z] [worker-pool] submitWork(triggerId=) {"metadata":{"emulator":{"name":"functions"},"message":"[worker-pool] submitWork(triggerId=)"}}
[debug] [2020-09-11T12:35:29.535Z] [worker-~diagnostic~-ebb74812-f552-4784-947d-3fd47f01ed40]: Assigning socketPath: /var/folders/kq/1h54l28j32xf_svnkwhss_540000gn/T/fire_emu_50801.sock {"metadata":{"emulator":{"name":"functions"},"message":"[worker-~diagnostic~-ebb74812-f552-4784-947d-3fd47f01ed40]: Assigning socketPath: /var/folders/kq/1h54l28j32xf_svnkwhss_540000gn/T/fire_emu_50801.sock"}}
[debug] [2020-09-11T12:35:29.535Z] [worker-~diagnostic~-ebb74812-f552-4784-947d-3fd47f01ed40]: BUSY {"metadata":{"emulator":{"name":"functions"},"message":"[worker-~diagnostic~-ebb74812-f552-4784-947d-3fd47f01ed40]: BUSY"}}
[debug] [2020-09-11T12:35:29.539Z] [worker-~diagnostic~-ca8683c8-928e-4bed-81e2-ee41b5b3143b]: exited {"metadata":{"emulator":{"name":"functions"},"message":"[worker-~diagnostic~-ca8683c8-928e-4bed-81e2-ee41b5b3143b]: exited"}}
[debug] [2020-09-11T12:35:29.540Z] [worker-~diagnostic~-ca8683c8-928e-4bed-81e2-ee41b5b3143b]: FINISHED {"metadata":{"emulator":{"name":"functions"},"message":"[worker-~diagnostic~-ca8683c8-928e-4bed-81e2-ee41b5b3143b]: FINISHED"}}
[debug] [2020-09-11T12:35:30.400Z] [runtime-status] [50801] Functions runtime initialized. {"cwd":"/Users/ankushgoel/Desktop/JS Crash Course/amz-clone/functions","node_version":"11.8.0"} {"metadata":{"emulator":{"name":"functions"},"message":"[runtime-status] [50801] Functions runtime initialized. {\"cwd\":\"/Users/ankushgoel/Desktop/JS Crash Course/amz-clone/functions\",\"node_version\":\"11.8.0\"}"}}
[debug] [2020-09-11T12:35:30.406Z] [runtime-status] [50801] Disabled runtime features: undefined {"metadata":{"emulator":{"name":"functions"},"message":"[runtime-status] [50801] Disabled runtime features: undefined"}}
[debug] [2020-09-11T12:35:30.412Z] [runtime-status] [50801] Resolved module firebase-admin {"declared":true,"installed":true,"version":"8.13.0","resolution":"/Users/ankushgoel/Desktop/JS Crash Course/amz-clone/functions/node_modules/firebase-admin/lib/index.js"} {"metadata":{"emulator":{"name":"functions"},"message":"[runtime-status] [50801] Resolved module firebase-admin {\"declared\":true,\"installed\":true,\"version\":\"8.13.0\",\"resolution\":\"/Users/ankushgoel/Desktop/JS Crash Course/amz-clone/functions/node_modules/firebase-admin/lib/index.js\"}"}}
[debug] [2020-09-11T12:35:30.414Z] [runtime-status] [50801] Resolved module firebase-functions {"declared":true,"installed":true,"version":"3.11.0","resolution":"/Users/ankushgoel/Desktop/JS Crash Course/amz-clone/functions/node_modules/firebase-functions/lib/index.js"} {"metadata":{"emulator":{"name":"functions"},"message":"[runtime-status] [50801] Resolved module firebase-functions {\"declared\":true,\"installed\":true,\"version\":\"3.11.0\",\"resolution\":\"/Users/ankushgoel/Desktop/JS Crash Course/amz-clone/functions/node_modules/firebase-functions/lib/index.js\"}"}}
[debug] [2020-09-11T12:35:30.415Z] [runtime-status] [50801] Resolved module firebase-functions {"declared":true,"installed":true,"version":"3.11.0","resolution":"/Users/ankushgoel/Desktop/JS Crash Course/amz-clone/functions/node_modules/firebase-functions/lib/index.js"} {"metadata":{"emulator":{"name":"functions"},"message":"[runtime-status] [50801] Resolved module firebase-functions {\"declared\":true,\"installed\":true,\"version\":\"3.11.0\",\"resolution\":\"/Users/ankushgoel/Desktop/JS Crash Course/amz-clone/functions/node_modules/firebase-functions/lib/index.js\"}"}}
[debug] [2020-09-11T12:35:30.422Z] [runtime-status] [50801] Outgoing network have been stubbed. [{"name":"http","status":"mocked"},{"name":"http","status":"mocked"},{"name":"https","status":"mocked"},{"name":"https","status":"mocked"},{"name":"net","status":"mocked"}] {"metadata":{"emulator":{"name":"functions"},"message":"[runtime-status] [50801] Outgoing network have been stubbed. [{\"name\":\"http\",\"status\":\"mocked\"},{\"name\":\"http\",\"status\":\"mocked\"},{\"name\":\"https\",\"status\":\"mocked\"},{\"name\":\"https\",\"status\":\"mocked\"},{\"name\":\"net\",\"status\":\"mocked\"}]"}}
[debug] [2020-09-11T12:35:30.422Z] [runtime-status] [50801] Resolved module firebase-functions {"declared":true,"installed":true,"version":"3.11.0","resolution":"/Users/ankushgoel/Desktop/JS Crash Course/amz-clone/functions/node_modules/firebase-functions/lib/index.js"} {"metadata":{"emulator":{"name":"functions"},"message":"[runtime-status] [50801] Resolved module firebase-functions {\"declared\":true,\"installed\":true,\"version\":\"3.11.0\",\"resolution\":\"/Users/ankushgoel/Desktop/JS Crash Course/amz-clone/functions/node_modules/firebase-functions/lib/index.js\"}"}}
[debug] [2020-09-11T12:35:30.494Z] [runtime-status] [50801] Checked functions.config() {"config":{}} {"metadata":{"emulator":{"name":"functions"},"message":"[runtime-status] [50801] Checked functions.config() {\"config\":{}}"}}
[debug] [2020-09-11T12:35:30.495Z] [runtime-status] [50801] firebase-functions has been stubbed. {"functionsResolution":{"declared":true,"installed":true,"version":"3.11.0","resolution":"/Users/ankushgoel/Desktop/JS Crash Course/amz-clone/functions/node_modules/firebase-functions/lib/index.js"}} {"metadata":{"emulator":{"name":"functions"},"message":"[runtime-status] [50801] firebase-functions has been stubbed. {\"functionsResolution\":{\"declared\":true,\"installed\":true,\"version\":\"3.11.0\",\"resolution\":\"/Users/ankushgoel/Desktop/JS Crash Course/amz-clone/functions/node_modules/firebase-functions/lib/index.js\"}}"}}
[debug] [2020-09-11T12:35:30.496Z] [runtime-status] [50801] Resolved module firebase-functions {"declared":true,"installed":true,"version":"3.11.0","resolution":"/Users/ankushgoel/Desktop/JS Crash Course/amz-clone/functions/node_modules/firebase-functions/lib/index.js"} {"metadata":{"emulator":{"name":"functions"},"message":"[runtime-status] [50801] Resolved module firebase-functions {\"declared\":true,\"installed\":true,\"version\":\"3.11.0\",\"resolution\":\"/Users/ankushgoel/Desktop/JS Crash Course/amz-clone/functions/node_modules/firebase-functions/lib/index.js\"}"}}
[debug] [2020-09-11T12:35:30.497Z] [runtime-status] [50801] Resolved module firebase-admin {"declared":true,"installed":true,"version":"8.13.0","resolution":"/Users/ankushgoel/Desktop/JS Crash Course/amz-clone/functions/node_modules/firebase-admin/lib/index.js"} {"metadata":{"emulator":{"name":"functions"},"message":"[runtime-status] [50801] Resolved module firebase-admin {\"declared\":true,\"installed\":true,\"version\":\"8.13.0\",\"resolution\":\"/Users/ankushgoel/Desktop/JS Crash Course/amz-clone/functions/node_modules/firebase-admin/lib/index.js\"}"}}
[debug] [2020-09-11T12:35:30.498Z] [runtime-status] [50801] Resolved module firebase-functions {"declared":true,"installed":true,"version":"3.11.0","resolution":"/Users/ankushgoel/Desktop/JS Crash Course/amz-clone/functions/node_modules/firebase-functions/lib/index.js"} {"metadata":{"emulator":{"name":"functions"},"message":"[runtime-status] [50801] Resolved module firebase-functions {\"declared\":true,\"installed\":true,\"version\":\"3.11.0\",\"resolution\":\"/Users/ankushgoel/Desktop/JS Crash Course/amz-clone/functions/node_modules/firebase-functions/lib/index.js\"}"}}
[debug] [2020-09-11T12:35:30.498Z] [runtime-status] [50801] firebase-admin has been stubbed. {"adminResolution":{"declared":true,"installed":true,"version":"8.13.0","resolution":"/Users/ankushgoel/Desktop/JS Crash Course/amz-clone/functions/node_modules/firebase-admin/lib/index.js"}} {"metadata":{"emulator":{"name":"functions"},"message":"[runtime-status] [50801] firebase-admin has been stubbed. {\"adminResolution\":{\"declared\":true,\"installed\":true,\"version\":\"8.13.0\",\"resolution\":\"/Users/ankushgoel/Desktop/JS Crash Course/amz-clone/functions/node_modules/firebase-admin/lib/index.js\"}}"}}
[debug] [2020-09-11T12:35:30.707Z] [worker-~diagnostic~-ebb74812-f552-4784-947d-3fd47f01ed40]: IDLE {"metadata":{"emulator":{"name":"functions"},"message":"[worker-~diagnostic~-ebb74812-f552-4784-947d-3fd47f01ed40]: IDLE"}}
[debug] [2020-09-11T12:38:08.670Z] File /Users/ankushgoel/Desktop/JS Crash Course/amz-clone/functions/index.js changed, reloading triggers {"metadata":{"emulator":{"name":"functions"},"message":"File /Users/ankushgoel/Desktop/JS Crash Course/amz-clone/functions/index.js changed, reloading triggers"}}
[debug] [2020-09-11T12:38:09.671Z] [worker-pool] Shutting down IDLE worker (~diagnostic~) {"metadata":{"emulator":{"name":"functions"},"message":"[worker-pool] Shutting down IDLE worker (~diagnostic~)"}}
[debug] [2020-09-11T12:38:09.672Z] [worker-~diagnostic~-ebb74812-f552-4784-947d-3fd47f01ed40]: FINISHING {"metadata":{"emulator":{"name":"functions"},"message":"[worker-~diagnostic~-ebb74812-f552-4784-947d-3fd47f01ed40]: FINISHING"}}
[debug] [2020-09-11T12:38:09.672Z] [worker-pool] Cleaned up workers for ~diagnostic~: 2 --> 1 {"metadata":{"emulator":{"name":"functions"},"message":"[worker-pool] Cleaned up workers for ~diagnostic~: 2 --> 1"}}
[debug] [2020-09-11T12:38:09.680Z] [worker-pool] addWorker(~diagnostic~) {"metadata":{"emulator":{"name":"functions"},"message":"[worker-pool] addWorker(~diagnostic~)"}}
[debug] [2020-09-11T12:38:09.681Z] [worker-pool] Adding worker with key ~diagnostic~, total=2 {"metadata":{"emulator":{"name":"functions"},"message":"[worker-pool] Adding worker with key ~diagnostic~, total=2"}}
[debug] [2020-09-11T12:38:09.681Z] [worker-pool] submitWork(triggerId=) {"metadata":{"emulator":{"name":"functions"},"message":"[worker-pool] submitWork(triggerId=)"}}
[debug] [2020-09-11T12:38:09.681Z] [worker-~diagnostic~-bd06af53-5df2-45ac-902c-e9479ff33c52]: Assigning socketPath: /var/folders/kq/1h54l28j32xf_svnkwhss_540000gn/T/fire_emu_51002.sock {"metadata":{"emulator":{"name":"functions"},"message":"[worker-~diagnostic~-bd06af53-5df2-45ac-902c-e9479ff33c52]: Assigning socketPath: /var/folders/kq/1h54l28j32xf_svnkwhss_540000gn/T/fire_emu_51002.sock"}}
[debug] [2020-09-11T12:38:09.681Z] [worker-~diagnostic~-bd06af53-5df2-45ac-902c-e9479ff33c52]: BUSY {"metadata":{"emulator":{"name":"functions"},"message":"[worker-~diagnostic~-bd06af53-5df2-45ac-902c-e9479ff33c52]: BUSY"}}
[debug] [2020-09-11T12:38:09.683Z] [worker-~diagnostic~-ebb74812-f552-4784-947d-3fd47f01ed40]: exited {"metadata":{"emulator":{"name":"functions"},"message":"[worker-~diagnostic~-ebb74812-f552-4784-947d-3fd47f01ed40]: exited"}}
[debug] [2020-09-11T12:38:09.683Z] [worker-~diagnostic~-ebb74812-f552-4784-947d-3fd47f01ed40]: FINISHED {"metadata":{"emulator":{"name":"functions"},"message":"[worker-~diagnostic~-ebb74812-f552-4784-947d-3fd47f01ed40]: FINISHED"}}
[debug] [2020-09-11T12:38:10.423Z] [runtime-status] [51002] Functions runtime initialized. {"cwd":"/Users/ankushgoel/Desktop/JS Crash Course/amz-clone/functions","node_version":"11.8.0"} {"metadata":{"emulator":{"name":"functions"},"message":"[runtime-status] [51002] Functions runtime initialized. {\"cwd\":\"/Users/ankushgoel/Desktop/JS Crash Course/amz-clone/functions\",\"node_version\":\"11.8.0\"}"}}
[debug] [2020-09-11T12:38:10.428Z] [runtime-status] [51002] Disabled runtime features: undefined {"metadata":{"emulator":{"name":"functions"},"message":"[runtime-status] [51002] Disabled runtime features: undefined"}}
[debug] [2020-09-11T12:38:10.433Z] [runtime-status] [51002] Resolved module firebase-admin {"declared":true,"installed":true,"version":"8.13.0","resolution":"/Users/ankushgoel/Desktop/JS Crash Course/amz-clone/functions/node_modules/firebase-admin/lib/index.js"} {"metadata":{"emulator":{"name":"functions"},"message":"[runtime-status] [51002] Resolved module firebase-admin {\"declared\":true,\"installed\":true,\"version\":\"8.13.0\",\"resolution\":\"/Users/ankushgoel/Desktop/JS Crash Course/amz-clone/functions/node_modules/firebase-admin/lib/index.js\"}"}}
[debug] [2020-09-11T12:38:10.434Z] [runtime-status] [51002] Resolved module firebase-functions {"declared":true,"installed":true,"version":"3.11.0","resolution":"/Users/ankushgoel/Desktop/JS Crash Course/amz-clone/functions/node_modules/firebase-functions/lib/index.js"} {"metadata":{"emulator":{"name":"functions"},"message":"[runtime-status] [51002] Resolved module firebase-functions {\"declared\":true,\"installed\":true,\"version\":\"3.11.0\",\"resolution\":\"/Users/ankushgoel/Desktop/JS Crash Course/amz-clone/functions/node_modules/firebase-functions/lib/index.js\"}"}}
[debug] [2020-09-11T12:38:10.435Z] [runtime-status] [51002] Resolved module firebase-functions {"declared":true,"installed":true,"version":"3.11.0","resolution":"/Users/ankushgoel/Desktop/JS Crash Course/amz-clone/functions/node_modules/firebase-functions/lib/index.js"} {"metadata":{"emulator":{"name":"functions"},"message":"[runtime-status] [51002] Resolved module firebase-functions {\"declared\":true,\"installed\":true,\"version\":\"3.11.0\",\"resolution\":\"/Users/ankushgoel/Desktop/JS Crash Course/amz-clone/functions/node_modules/firebase-functions/lib/index.js\"}"}}
[debug] [2020-09-11T12:38:10.440Z] [runtime-status] [51002] Outgoing network have been stubbed. [{"name":"http","status":"mocked"},{"name":"http","status":"mocked"},{"name":"https","status":"mocked"},{"name":"https","status":"mocked"},{"name":"net","status":"mocked"}] {"metadata":{"emulator":{"name":"functions"},"message":"[runtime-status] [51002] Outgoing network have been stubbed. [{\"name\":\"http\",\"status\":\"mocked\"},{\"name\":\"http\",\"status\":\"mocked\"},{\"name\":\"https\",\"status\":\"mocked\"},{\"name\":\"https\",\"status\":\"mocked\"},{\"name\":\"net\",\"status\":\"mocked\"}]"}}
[debug] [2020-09-11T12:38:10.441Z] [runtime-status] [51002] Resolved module firebase-functions {"declared":true,"installed":true,"version":"3.11.0","resolution":"/Users/ankushgoel/Desktop/JS Crash Course/amz-clone/functions/node_modules/firebase-functions/lib/index.js"} {"metadata":{"emulator":{"name":"functions"},"message":"[runtime-status] [51002] Resolved module firebase-functions {\"declared\":true,\"installed\":true,\"version\":\"3.11.0\",\"resolution\":\"/Users/ankushgoel/Desktop/JS Crash Course/amz-clone/functions/node_modules/firebase-functions/lib/index.js\"}"}}
[debug] [2020-09-11T12:38:10.492Z] [runtime-status] [51002] Checked functions.config() {"config":{}} {"metadata":{"emulator":{"name":"functions"},"message":"[runtime-status] [51002] Checked functions.config() {\"config\":{}}"}}
[debug] [2020-09-11T12:38:10.494Z] [runtime-status] [51002] firebase-functions has been stubbed. {"functionsResolution":{"declared":true,"installed":true,"version":"3.11.0","resolution":"/Users/ankushgoel/Desktop/JS Crash Course/amz-clone/functions/node_modules/firebase-functions/lib/index.js"}} {"metadata":{"emulator":{"name":"functions"},"message":"[runtime-status] [51002] firebase-functions has been stubbed. {\"functionsResolution\":{\"declared\":true,\"installed\":true,\"version\":\"3.11.0\",\"resolution\":\"/Users/ankushgoel/Desktop/JS Crash Course/amz-clone/functions/node_modules/firebase-functions/lib/index.js\"}}"}}
[debug] [2020-09-11T12:38:10.494Z] [runtime-status] [51002] Resolved module firebase-functions {"declared":true,"installed":true,"version":"3.11.0","resolution":"/Users/ankushgoel/Desktop/JS Crash Course/amz-clone/functions/node_modules/firebase-functions/lib/index.js"} {"metadata":{"emulator":{"name":"functions"},"message":"[runtime-status] [51002] Resolved module firebase-functions {\"declared\":true,\"installed\":true,\"version\":\"3.11.0\",\"resolution\":\"/Users/ankushgoel/Desktop/JS Crash Course/amz-clone/functions/node_modules/firebase-functions/lib/index.js\"}"}}
[debug] [2020-09-11T12:38:10.495Z] [runtime-status] [51002] Resolved module firebase-admin {"declared":true,"installed":true,"version":"8.13.0","resolution":"/Users/ankushgoel/Desktop/JS Crash Course/amz-clone/functions/node_modules/firebase-admin/lib/index.js"} {"metadata":{"emulator":{"name":"functions"},"message":"[runtime-status] [51002] Resolved module firebase-admin {\"declared\":true,\"installed\":true,\"version\":\"8.13.0\",\"resolution\":\"/Users/ankushgoel/Desktop/JS Crash Course/amz-clone/functions/node_modules/firebase-admin/lib/index.js\"}"}}
[debug] [2020-09-11T12:38:10.495Z] [runtime-status] [51002] Resolved module firebase-functions {"declared":true,"installed":true,"version":"3.11.0","resolution":"/Users/ankushgoel/Desktop/JS Crash Course/amz-clone/functions/node_modules/firebase-functions/lib/index.js"} {"metadata":{"emulator":{"name":"functions"},"message":"[runtime-status] [51002] Resolved module firebase-functions {\"declared\":true,\"installed\":true,\"version\":\"3.11.0\",\"resolution\":\"/Users/ankushgoel/Desktop/JS Crash Course/amz-clone/functions/node_modules/firebase-functions/lib/index.js\"}"}}
[debug] [2020-09-11T12:38:10.496Z] [runtime-status] [51002] firebase-admin has been stubbed. {"adminResolution":{"declared":true,"installed":true,"version":"8.13.0","resolution":"/Users/ankushgoel/Desktop/JS Crash Course/amz-clone/functions/node_modules/firebase-admin/lib/index.js"}} {"metadata":{"emulator":{"name":"functions"},"message":"[runtime-status] [51002] firebase-admin has been stubbed. {\"adminResolution\":{\"declared\":true,\"installed\":true,\"version\":\"8.13.0\",\"resolution\":\"/Users/ankushgoel/Desktop/JS Crash Course/amz-clone/functions/node_modules/firebase-admin/lib/index.js\"}}"}}
[debug] [2020-09-11T12:38:10.621Z] [worker-~diagnostic~-bd06af53-5df2-45ac-902c-e9479ff33c52]: IDLE {"metadata":{"emulator":{"name":"functions"},"message":"[worker-~diagnostic~-bd06af53-5df2-45ac-902c-e9479ff33c52]: IDLE"}}
